\BOOKMARK [0][-]{chapter.1}{Introduction}{}% 1
\BOOKMARK [1][-]{section.1.1}{Stereoscopic Displays}{chapter.1}% 2
\BOOKMARK [1][-]{section.1.2}{3D Displays}{chapter.1}% 3
\BOOKMARK [1][-]{section.1.3}{Light Fields}{chapter.1}% 4
\BOOKMARK [1][-]{section.1.4}{Related Work}{chapter.1}% 5
\BOOKMARK [0][-]{chapter.2}{Capturing a Light Field}{}% 6
\BOOKMARK [1][-]{section.2.1}{The Plenoptic Function and the Light Field}{chapter.2}% 7
\BOOKMARK [1][-]{section.2.2}{Light Field Acquisition}{chapter.2}% 8
\BOOKMARK [1][-]{section.2.3}{Visualization}{chapter.2}% 9
\BOOKMARK [1][-]{section.2.4}{The Plenoptic Camera}{chapter.2}% 10
\BOOKMARK [0][-]{chapter.3}{Light Field Tomography}{}% 11
\BOOKMARK [1][-]{section.3.1}{A Model for Light Attenuation}{chapter.3}% 12
\BOOKMARK [1][-]{section.3.2}{Discrete Attenuation Layers}{chapter.3}% 13
\BOOKMARK [1][-]{section.3.3}{Ray Casting}{chapter.3}% 14
\BOOKMARK [1][-]{section.3.4}{Iterative Reconstruction}{chapter.3}% 15
\BOOKMARK [0][-]{chapter.4}{Spectral Analysis}{}% 16
\BOOKMARK [1][-]{section.4.1}{Definitions}{chapter.4}% 17
\BOOKMARK [1][-]{section.4.2}{Spectral Support of Light Fields}{chapter.4}% 18
\BOOKMARK [1][-]{section.4.3}{Spectral Support of Multiplicative Displays}{chapter.4}% 19
\BOOKMARK [1][-]{section.4.4}{The Fourier Slice Theorem}{chapter.4}% 20
\BOOKMARK [0][-]{chapter.5}{Implementation and Results}{}% 21
\BOOKMARK [0][-]{appendix.A}{Appendix}{}% 22
\BOOKMARK [1][-]{section.A.1}{Backlight Fabrication}{appendix.A}% 23
\BOOKMARK [0][-]{figure.A.1}{List of Tables}{}% 24
\BOOKMARK [0][-]{appendix*.25}{List of Figures}{}% 25
\BOOKMARK [0][-]{appendix*.26}{Bibliography}{}% 26
