This is pdfTeX, Version 3.1415926-2.5-1.40.14 (TeX Live 2013/Debian) (format=pdflatex 2014.6.2)  26 FEB 2016 18:10
entering extended mode
 restricted \write18 enabled.
 %&-line parsing enabled.
**thesis.tex
(./thesis.tex
LaTeX2e <2011/06/27>
Babel <3.9h> and hyphenation patterns for 4 languages loaded.
(/usr/share/texlive/texmf-dist/tex/latex/base/report.cls
Document Class: report 2007/10/19 v1.4h Standard LaTeX document class
(/usr/share/texlive/texmf-dist/tex/latex/base/size10.clo
File: size10.clo 2007/10/19 v1.4h Standard LaTeX file (size option)
)
\c@part=\count79
\c@chapter=\count80
\c@section=\count81
\c@subsection=\count82
\c@subsubsection=\count83
\c@paragraph=\count84
\c@subparagraph=\count85
\c@figure=\count86
\c@table=\count87
\abovecaptionskip=\skip41
\belowcaptionskip=\skip42
\bibindent=\dimen102
) (./natbib.sty
Package: natbib 2000/07/24 7.0a (PWD)
\bibhang=\skip43
\bibsep=\skip44
LaTeX Info: Redefining \cite on input line 508.
\c@NAT@ctr=\count88
)
(./fancyheadings.sty
\headrulewidth=\dimen103
\footrulewidth=\dimen104
\plainheadrulewidth=\dimen105
\plainfootrulewidth=\dimen106
\headwidth=\dimen107
) (./iamdip.sty)
(/usr/share/texlive/texmf-dist/tex/latex/amscls/amsthm.sty
Package: amsthm 2004/08/06 v2.20
\thm@style=\toks14
\thm@bodyfont=\toks15
\thm@headfont=\toks16
\thm@notefont=\toks17
\thm@headpunct=\toks18
\thm@preskip=\skip45
\thm@postskip=\skip46
\thm@headsep=\skip47
\dth@everypar=\toks19
)
(/usr/share/texlive/texmf-dist/tex/latex/amsfonts/amssymb.sty
Package: amssymb 2013/01/14 v3.01 AMS font symbols

(/usr/share/texlive/texmf-dist/tex/latex/amsfonts/amsfonts.sty
Package: amsfonts 2013/01/14 v3.01 Basic AMSFonts support
\@emptytoks=\toks20
\symAMSa=\mathgroup4
\symAMSb=\mathgroup5
LaTeX Font Info:    Overwriting math alphabet `\mathfrak' in version `bold'
(Font)                  U/euf/m/n --> U/euf/b/n on input line 106.
))
(/usr/share/texlive/texmf-dist/tex/latex/mh/mathtools.sty
Package: mathtools 2013/02/12 v1.13 mathematical typesetting tools

(/usr/share/texlive/texmf-dist/tex/latex/graphics/keyval.sty
Package: keyval 1999/03/16 v1.13 key=value parser (DPC)
\KV@toks@=\toks21
)
(/usr/share/texlive/texmf-dist/tex/latex/tools/calc.sty
Package: calc 2007/08/22 v4.3 Infix arithmetic (KKT,FJ)
\calc@Acount=\count89
\calc@Bcount=\count90
\calc@Adimen=\dimen108
\calc@Bdimen=\dimen109
\calc@Askip=\skip48
\calc@Bskip=\skip49
LaTeX Info: Redefining \setlength on input line 76.
LaTeX Info: Redefining \addtolength on input line 77.
\calc@Ccount=\count91
\calc@Cskip=\skip50
)
(/usr/share/texlive/texmf-dist/tex/latex/mh/mhsetup.sty
Package: mhsetup 2010/01/21 v1.2a programming setup (MH)
)
(/usr/share/texlive/texmf-dist/tex/latex/amsmath/amsmath.sty
Package: amsmath 2013/01/14 v2.14 AMS math features
\@mathmargin=\skip51

For additional information on amsmath, use the `?' option.
(/usr/share/texlive/texmf-dist/tex/latex/amsmath/amstext.sty
Package: amstext 2000/06/29 v2.01

(/usr/share/texlive/texmf-dist/tex/latex/amsmath/amsgen.sty
File: amsgen.sty 1999/11/30 v2.0
\@emptytoks=\toks22
\ex@=\dimen110
))
(/usr/share/texlive/texmf-dist/tex/latex/amsmath/amsbsy.sty
Package: amsbsy 1999/11/29 v1.2d
\pmbraise@=\dimen111
)
(/usr/share/texlive/texmf-dist/tex/latex/amsmath/amsopn.sty
Package: amsopn 1999/12/14 v2.01 operator names
)
\inf@bad=\count92
LaTeX Info: Redefining \frac on input line 210.
\uproot@=\count93
\leftroot@=\count94
LaTeX Info: Redefining \overline on input line 306.
\classnum@=\count95
\DOTSCASE@=\count96
LaTeX Info: Redefining \ldots on input line 378.
LaTeX Info: Redefining \dots on input line 381.
LaTeX Info: Redefining \cdots on input line 466.
\Mathstrutbox@=\box26
\strutbox@=\box27
\big@size=\dimen112
LaTeX Font Info:    Redeclaring font encoding OML on input line 566.
LaTeX Font Info:    Redeclaring font encoding OMS on input line 567.
\macc@depth=\count97
\c@MaxMatrixCols=\count98
\dotsspace@=\muskip10
\c@parentequation=\count99
\dspbrk@lvl=\count100
\tag@help=\toks23
\row@=\count101
\column@=\count102
\maxfields@=\count103
\andhelp@=\toks24
\eqnshift@=\dimen113
\alignsep@=\dimen114
\tagshift@=\dimen115
\tagwidth@=\dimen116
\totwidth@=\dimen117
\lineht@=\dimen118
\@envbody=\toks25
\multlinegap=\skip52
\multlinetaggap=\skip53
\mathdisplay@stack=\toks26
LaTeX Info: Redefining \[ on input line 2665.
LaTeX Info: Redefining \] on input line 2666.
)
LaTeX Info: Thecontrolsequence`\['isalreadyrobust on input line 129.
LaTeX Info: Thecontrolsequence`\]'isalreadyrobust on input line 129.
\g_MT_multlinerow_int=\count104
\l_MT_multwidth_dim=\dimen119
\origjot=\skip54
\l_MT_shortvdotswithinadjustabove_dim=\dimen120
\l_MT_shortvdotswithinadjustbelow_dim=\dimen121
\l_MT_above_intertext_sep=\dimen122
\l_MT_below_intertext_sep=\dimen123
\l_MT_above_shortintertext_sep=\dimen124
\l_MT_below_shortintertext_sep=\dimen125
)
(/usr/share/texlive/texmf-dist/tex/latex/url/url.sty
\Urlmuskip=\muskip11
Package: url 2013/09/16  ver 3.4  Verb mode for urls, etc.
)
(/usr/share/texlive/texmf-dist/tex/latex/graphics/graphicx.sty
Package: graphicx 1999/02/16 v1.0f Enhanced LaTeX Graphics (DPC,SPQR)

(/usr/share/texlive/texmf-dist/tex/latex/graphics/graphics.sty
Package: graphics 2009/02/05 v1.0o Standard LaTeX Graphics (DPC,SPQR)

(/usr/share/texlive/texmf-dist/tex/latex/graphics/trig.sty
Package: trig 1999/03/16 v1.09 sin cos tan (DPC)
)
(/usr/share/texlive/texmf-dist/tex/latex/latexconfig/graphics.cfg
File: graphics.cfg 2010/04/23 v1.9 graphics configuration of TeX Live
)
Package graphics Info: Driver file: pdftex.def on input line 91.

(/usr/share/texlive/texmf-dist/tex/latex/pdftex-def/pdftex.def
File: pdftex.def 2011/05/27 v0.06d Graphics/color for pdfTeX

(/usr/share/texlive/texmf-dist/tex/generic/oberdiek/infwarerr.sty
Package: infwarerr 2010/04/08 v1.3 Providing info/warning/error messages (HO)
)
(/usr/share/texlive/texmf-dist/tex/generic/oberdiek/ltxcmds.sty
Package: ltxcmds 2011/11/09 v1.22 LaTeX kernel commands for general use (HO)
)
\Gread@gobject=\count105
))
\Gin@req@height=\dimen126
\Gin@req@width=\dimen127
)
(/usr/share/texlive/texmf-dist/tex/latex/caption/caption.sty
Package: caption 2013/05/02 v3.3-89 Customizing captions (AR)

(/usr/share/texlive/texmf-dist/tex/latex/caption/caption3.sty
Package: caption3 2013/05/02 v1.6-88 caption3 kernel (AR)
Package caption3 Info: TeX engine: e-TeX on input line 57.
\captionmargin=\dimen128
\captionmargin@=\dimen129
\captionwidth=\dimen130
\caption@tempdima=\dimen131
\caption@indent=\dimen132
\caption@parindent=\dimen133
\caption@hangindent=\dimen134
)
\c@ContinuedFloat=\count106
)
(/usr/share/texlive/texmf-dist/tex/latex/caption/subcaption.sty
Package: subcaption 2013/02/03 v1.1-62 Sub-captions (AR)
\c@subfigure=\count107
\c@subtable=\count108
)
(/usr/share/texlive/texmf-dist/tex/latex/listings/listings.sty
\lst@mode=\count109
\lst@gtempboxa=\box28
\lst@token=\toks27
\lst@length=\count110
\lst@currlwidth=\dimen135
\lst@column=\count111
\lst@pos=\count112
\lst@lostspace=\dimen136
\lst@width=\dimen137
\lst@newlines=\count113
\lst@lineno=\count114
\lst@maxwidth=\dimen138

(/usr/share/texlive/texmf-dist/tex/latex/listings/lstmisc.sty
File: lstmisc.sty 2013/08/26 1.5b (Carsten Heinz)
\c@lstnumber=\count115
\lst@skipnumbers=\count116
\lst@framebox=\box29
)
(/usr/share/texlive/texmf-dist/tex/latex/listings/listings.cfg
File: listings.cfg 2013/08/26 1.5b listings configuration
))
Package: listings 2013/08/26 1.5b (Carsten Heinz)

(/usr/share/texlive/texmf-dist/tex/latex/pdfpages/pdfpages.sty
Package: pdfpages 2013/08/25 v0.4v Insert pages of external PDF documents (AM)

(/usr/share/texlive/texmf-dist/tex/latex/base/ifthen.sty
Package: ifthen 2001/05/26 v1.1c Standard LaTeX ifthen package (DPC)
)
(/usr/share/texlive/texmf-dist/tex/latex/eso-pic/eso-pic.sty
Package: eso-pic 2013/10/06 v2.0d eso-pic (RN)

(/usr/share/texlive/texmf-dist/tex/generic/oberdiek/atbegshi.sty
Package: atbegshi 2011/10/05 v1.16 At begin shipout hook (HO)

(/usr/share/texlive/texmf-dist/tex/generic/oberdiek/ifpdf.sty
Package: ifpdf 2011/01/30 v2.3 Provides the ifpdf switch (HO)
Package ifpdf Info: pdfTeX in PDF mode is detected.
))
(/usr/share/texmf/tex/latex/xcolor/xcolor.sty
Package: xcolor 2007/01/21 v2.11 LaTeX color extensions (UK)

(/usr/share/texlive/texmf-dist/tex/latex/latexconfig/color.cfg
File: color.cfg 2007/01/18 v1.5 color configuration of teTeX/TeXLive
)
Package xcolor Info: Driver file: pdftex.def on input line 225.
Package xcolor Info: Model `cmy' substituted by `cmy0' on input line 1337.
Package xcolor Info: Model `hsb' substituted by `rgb' on input line 1341.
Package xcolor Info: Model `RGB' extended on input line 1353.
Package xcolor Info: Model `HTML' substituted by `rgb' on input line 1355.
Package xcolor Info: Model `Hsb' substituted by `hsb' on input line 1356.
Package xcolor Info: Model `tHsb' substituted by `hsb' on input line 1357.
Package xcolor Info: Model `HSB' substituted by `hsb' on input line 1358.
Package xcolor Info: Model `Gray' substituted by `gray' on input line 1359.
Package xcolor Info: Model `wave' substituted by `hsb' on input line 1360.
))
(/usr/share/texlive/texmf-dist/tex/latex/pdfpages/pppdftex.def
File: pppdftex.def 2013/08/25 v0.4v Pdfpages driver for pdfTeX (AM)
)
\AM@pagebox=\box30
\AM@toc@title=\toks28
\c@AM@survey=\count117
\AM@templatesizebox=\box31
)
(/usr/share/texmf/tex/latex/asymptote/asymptote.sty
Package: asymptote 2011/08/17 v1.25 Asymptote style file for LaTeX
 (./thesis.pre)
\ASYbox=\box32
\c@asy=\count118
\AsyStream=\write3
\AsyPreStream=\write4

(/usr/share/texlive/texmf-dist/tex/generic/ifxetex/ifxetex.sty
Package: ifxetex 2010/09/12 v0.6 Provides ifxetex conditional
)
(/usr/share/texlive/texmf-dist/tex/generic/oberdiek/catchfile.sty
Package: catchfile 2011/03/01 v1.6 Catch the contents of a file (HO)

(/usr/share/texlive/texmf-dist/tex/generic/oberdiek/etexcmds.sty
Package: etexcmds 2011/02/16 v1.5 Avoid name clashes with e-TeX commands (HO)

(/usr/share/texlive/texmf-dist/tex/generic/oberdiek/ifluatex.sty
Package: ifluatex 2010/03/01 v1.3 Provides the ifluatex switch (HO)
Package ifluatex Info: LuaTeX not detected.
)
Package etexcmds Info: Could not find \expanded.
(etexcmds)             That can mean that you are not using pdfTeX 1.50 or
(etexcmds)             that some package has redefined \expanded.
(etexcmds)             In the latter case, load this package earlier.
))
\openout4 = `thesis.pre'.

)
(/usr/share/texmf/tex/latex/pgf/frontendlayer/tikz.sty
(/usr/share/texmf/tex/latex/pgf/basiclayer/pgf.sty
(/usr/share/texmf/tex/latex/pgf/utilities/pgfrcs.sty
(/usr/share/texmf/tex/generic/pgf/utilities/pgfutil-common.tex
\pgfutil@everybye=\toks29
)
(/usr/share/texmf/tex/generic/pgf/utilities/pgfutil-latex.def
\pgfutil@abb=\box33

(/usr/share/texlive/texmf-dist/tex/latex/ms/everyshi.sty
Package: everyshi 2001/05/15 v3.00 EveryShipout Package (MS)
))
(/usr/share/texmf/tex/generic/pgf/utilities/pgfrcs.code.tex
Package: pgfrcs 2010/10/25 v2.10 (rcs-revision 1.24)
))
Package: pgf 2008/01/15 v2.10 (rcs-revision 1.12)

(/usr/share/texmf/tex/latex/pgf/basiclayer/pgfcore.sty
(/usr/share/texmf/tex/latex/pgf/systemlayer/pgfsys.sty
(/usr/share/texmf/tex/generic/pgf/systemlayer/pgfsys.code.tex
Package: pgfsys 2010/06/30 v2.10 (rcs-revision 1.37)

(/usr/share/texmf/tex/generic/pgf/utilities/pgfkeys.code.tex
\pgfkeys@pathtoks=\toks30
\pgfkeys@temptoks=\toks31

(/usr/share/texmf/tex/generic/pgf/utilities/pgfkeysfiltered.code.tex
\pgfkeys@tmptoks=\toks32
))
\pgf@x=\dimen139
\pgf@y=\dimen140
\pgf@xa=\dimen141
\pgf@ya=\dimen142
\pgf@xb=\dimen143
\pgf@yb=\dimen144
\pgf@xc=\dimen145
\pgf@yc=\dimen146
\w@pgf@writea=\write5
\r@pgf@reada=\read1
\c@pgf@counta=\count119
\c@pgf@countb=\count120
\c@pgf@countc=\count121
\c@pgf@countd=\count122

(/usr/share/texmf/tex/generic/pgf/systemlayer/pgf.cfg
File: pgf.cfg 2008/05/14  (rcs-revision 1.7)
)
Package pgfsys Info: Driver file for pgf: pgfsys-pdftex.def on input line 900.

(/usr/share/texmf/tex/generic/pgf/systemlayer/pgfsys-pdftex.def
File: pgfsys-pdftex.def 2009/05/22  (rcs-revision 1.26)

(/usr/share/texmf/tex/generic/pgf/systemlayer/pgfsys-common-pdf.def
File: pgfsys-common-pdf.def 2008/05/19  (rcs-revision 1.10)
)))
(/usr/share/texmf/tex/generic/pgf/systemlayer/pgfsyssoftpath.code.tex
File: pgfsyssoftpath.code.tex 2008/07/18  (rcs-revision 1.7)
\pgfsyssoftpath@smallbuffer@items=\count123
\pgfsyssoftpath@bigbuffer@items=\count124
)
(/usr/share/texmf/tex/generic/pgf/systemlayer/pgfsysprotocol.code.tex
File: pgfsysprotocol.code.tex 2006/10/16  (rcs-revision 1.4)
))
(/usr/share/texmf/tex/generic/pgf/basiclayer/pgfcore.code.tex
Package: pgfcore 2010/04/11 v2.10 (rcs-revision 1.7)

(/usr/share/texmf/tex/generic/pgf/math/pgfmath.code.tex
(/usr/share/texmf/tex/generic/pgf/math/pgfmathcalc.code.tex
(/usr/share/texmf/tex/generic/pgf/math/pgfmathutil.code.tex)
(/usr/share/texmf/tex/generic/pgf/math/pgfmathparser.code.tex
\pgfmath@dimen=\dimen147
\pgfmath@count=\count125
\pgfmath@box=\box34
\pgfmath@toks=\toks33
\pgfmath@stack@operand=\toks34
\pgfmath@stack@operation=\toks35
)
(/usr/share/texmf/tex/generic/pgf/math/pgfmathfunctions.code.tex
(/usr/share/texmf/tex/generic/pgf/math/pgfmathfunctions.basic.code.tex)
(/usr/share/texmf/tex/generic/pgf/math/pgfmathfunctions.trigonometric.code.tex)
(/usr/share/texmf/tex/generic/pgf/math/pgfmathfunctions.random.code.tex)
(/usr/share/texmf/tex/generic/pgf/math/pgfmathfunctions.comparison.code.tex)
(/usr/share/texmf/tex/generic/pgf/math/pgfmathfunctions.base.code.tex)
(/usr/share/texmf/tex/generic/pgf/math/pgfmathfunctions.round.code.tex)
(/usr/share/texmf/tex/generic/pgf/math/pgfmathfunctions.misc.code.tex)))
(/usr/share/texmf/tex/generic/pgf/math/pgfmathfloat.code.tex
\c@pgfmathroundto@lastzeros=\count126
))
(/usr/share/texmf/tex/generic/pgf/basiclayer/pgfcorepoints.code.tex
File: pgfcorepoints.code.tex 2010/04/09  (rcs-revision 1.20)
\pgf@picminx=\dimen148
\pgf@picmaxx=\dimen149
\pgf@picminy=\dimen150
\pgf@picmaxy=\dimen151
\pgf@pathminx=\dimen152
\pgf@pathmaxx=\dimen153
\pgf@pathminy=\dimen154
\pgf@pathmaxy=\dimen155
\pgf@xx=\dimen156
\pgf@xy=\dimen157
\pgf@yx=\dimen158
\pgf@yy=\dimen159
\pgf@zx=\dimen160
\pgf@zy=\dimen161
)
(/usr/share/texmf/tex/generic/pgf/basiclayer/pgfcorepathconstruct.code.tex
File: pgfcorepathconstruct.code.tex 2010/08/03  (rcs-revision 1.24)
\pgf@path@lastx=\dimen162
\pgf@path@lasty=\dimen163
)
(/usr/share/texmf/tex/generic/pgf/basiclayer/pgfcorepathusage.code.tex
File: pgfcorepathusage.code.tex 2008/04/22  (rcs-revision 1.12)
\pgf@shorten@end@additional=\dimen164
\pgf@shorten@start@additional=\dimen165
)
(/usr/share/texmf/tex/generic/pgf/basiclayer/pgfcorescopes.code.tex
File: pgfcorescopes.code.tex 2010/09/08  (rcs-revision 1.34)
\pgfpic=\box35
\pgf@hbox=\box36
\pgf@layerbox@main=\box37
\pgf@picture@serial@count=\count127
)
(/usr/share/texmf/tex/generic/pgf/basiclayer/pgfcoregraphicstate.code.tex
File: pgfcoregraphicstate.code.tex 2008/04/22  (rcs-revision 1.9)
\pgflinewidth=\dimen166
)
(/usr/share/texmf/tex/generic/pgf/basiclayer/pgfcoretransformations.code.tex
File: pgfcoretransformations.code.tex 2009/06/10  (rcs-revision 1.11)
\pgf@pt@x=\dimen167
\pgf@pt@y=\dimen168
\pgf@pt@temp=\dimen169
)
(/usr/share/texmf/tex/generic/pgf/basiclayer/pgfcorequick.code.tex
File: pgfcorequick.code.tex 2008/10/09  (rcs-revision 1.3)
)
(/usr/share/texmf/tex/generic/pgf/basiclayer/pgfcoreobjects.code.tex
File: pgfcoreobjects.code.tex 2006/10/11  (rcs-revision 1.2)
)
(/usr/share/texmf/tex/generic/pgf/basiclayer/pgfcorepathprocessing.code.tex
File: pgfcorepathprocessing.code.tex 2008/10/09  (rcs-revision 1.8)
)
(/usr/share/texmf/tex/generic/pgf/basiclayer/pgfcorearrows.code.tex
File: pgfcorearrows.code.tex 2008/04/23  (rcs-revision 1.11)
)
(/usr/share/texmf/tex/generic/pgf/basiclayer/pgfcoreshade.code.tex
File: pgfcoreshade.code.tex 2008/11/23  (rcs-revision 1.13)
\pgf@max=\dimen170
\pgf@sys@shading@range@num=\count128
)
(/usr/share/texmf/tex/generic/pgf/basiclayer/pgfcoreimage.code.tex
File: pgfcoreimage.code.tex 2010/03/25  (rcs-revision 1.16)

(/usr/share/texmf/tex/generic/pgf/basiclayer/pgfcoreexternal.code.tex
File: pgfcoreexternal.code.tex 2010/09/01  (rcs-revision 1.17)
\pgfexternal@startupbox=\box38
))
(/usr/share/texmf/tex/generic/pgf/basiclayer/pgfcorelayers.code.tex
File: pgfcorelayers.code.tex 2010/08/27  (rcs-revision 1.2)
)
(/usr/share/texmf/tex/generic/pgf/basiclayer/pgfcoretransparency.code.tex
File: pgfcoretransparency.code.tex 2008/01/17  (rcs-revision 1.2)
)
(/usr/share/texmf/tex/generic/pgf/basiclayer/pgfcorepatterns.code.tex
File: pgfcorepatterns.code.tex 2009/07/02  (rcs-revision 1.3)
)))
(/usr/share/texmf/tex/generic/pgf/modules/pgfmoduleshapes.code.tex
File: pgfmoduleshapes.code.tex 2010/09/09  (rcs-revision 1.13)
\pgfnodeparttextbox=\box39
)
(/usr/share/texmf/tex/generic/pgf/modules/pgfmoduleplot.code.tex
File: pgfmoduleplot.code.tex 2010/10/22  (rcs-revision 1.8)
)
(/usr/share/texmf/tex/latex/pgf/compatibility/pgfcomp-version-0-65.sty
Package: pgfcomp-version-0-65 2007/07/03 v2.10 (rcs-revision 1.7)
\pgf@nodesepstart=\dimen171
\pgf@nodesepend=\dimen172
)
(/usr/share/texmf/tex/latex/pgf/compatibility/pgfcomp-version-1-18.sty
Package: pgfcomp-version-1-18 2007/07/23 v2.10 (rcs-revision 1.1)
))
(/usr/share/texmf/tex/latex/pgf/utilities/pgffor.sty
(/usr/share/texmf/tex/latex/pgf/utilities/pgfkeys.sty
(/usr/share/texmf/tex/generic/pgf/utilities/pgfkeys.code.tex))
(/usr/share/texmf/tex/generic/pgf/utilities/pgffor.code.tex
Package: pgffor 2010/03/23 v2.10 (rcs-revision 1.18)
\pgffor@iter=\dimen173
\pgffor@skip=\dimen174
\pgffor@stack=\toks36
\pgffor@toks=\toks37
))
(/usr/share/texmf/tex/generic/pgf/frontendlayer/tikz/tikz.code.tex
Package: tikz 2010/10/13 v2.10 (rcs-revision 1.76)

(/usr/share/texmf/tex/generic/pgf/libraries/pgflibraryplothandlers.code.tex
File: pgflibraryplothandlers.code.tex 2010/05/31 v2.10 (rcs-revision 1.15)
\pgf@plot@mark@count=\count129
\pgfplotmarksize=\dimen175
)
\tikz@lastx=\dimen176
\tikz@lasty=\dimen177
\tikz@lastxsaved=\dimen178
\tikz@lastysaved=\dimen179
\tikzleveldistance=\dimen180
\tikzsiblingdistance=\dimen181
\tikz@figbox=\box40
\tikz@tempbox=\box41
\tikztreelevel=\count130
\tikznumberofchildren=\count131
\tikznumberofcurrentchild=\count132
\tikz@fig@count=\count133

(/usr/share/texmf/tex/generic/pgf/modules/pgfmodulematrix.code.tex
File: pgfmodulematrix.code.tex 2010/08/24  (rcs-revision 1.4)
\pgfmatrixcurrentrow=\count134
\pgfmatrixcurrentcolumn=\count135
\pgf@matrix@numberofcolumns=\count136
)
\tikz@expandcount=\count137

(/usr/share/texmf/tex/generic/pgf/frontendlayer/tikz/libraries/tikzlibrarytopat
hs.code.tex
File: tikzlibrarytopaths.code.tex 2008/06/17 v2.10 (rcs-revision 1.2)
)))
(/usr/share/texlive/texmf-dist/tex/latex/tikz-3dplot/tikz-3dplot.sty
(/usr/share/texmf/tex/generic/pgf/frontendlayer/tikz/libraries/tikzlibrarycalc.
code.tex
File: tikzlibrarycalc.code.tex 2009/09/04 v2.10 (rcs-revision 1.6)
)
(/usr/share/texmf/tex/generic/pgf/frontendlayer/tikz/libraries/tikzlibrary3d.co
de.tex
File: tikzlibrary3d.code.tex 2008/01/09 v2.10 (rcs-revision 1.1)
)
(/usr/share/texmf/tex/generic/pgf/frontendlayer/tikz/libraries/tikzlibraryarrow
s.code.tex
File: tikzlibraryarrows.code.tex 2008/01/09 v2.10 (rcs-revision 1.1)

(/usr/share/texmf/tex/generic/pgf/libraries/pgflibraryarrows.code.tex
File: pgflibraryarrows.code.tex 2008/10/27 v2.10 (rcs-revision 1.9)
\arrowsize=\dimen182
)))
(/usr/share/texlive/texmf-dist/tex/latex/pgfplots/pgfplots.sty
(/usr/share/texlive/texmf-dist/tex/generic/pgfplots/pgfplots.revision.tex)
Package: pgfplots 2013/10/03 v1.9 Data Visualization (1.9)

(/usr/share/texlive/texmf-dist/tex/generic/pgfplots/pgfplots.code.tex
(/usr/share/texlive/texmf-dist/tex/generic/pgfplots/pgfplotscore.code.tex
\t@pgfplots@toka=\toks38
\t@pgfplots@tokb=\toks39
\t@pgfplots@tokc=\toks40
\pgfplots@tmpa=\dimen183
\c@pgfplots@coordindex=\count138
\c@pgfplots@scanlineindex=\count139

(/usr/share/texlive/texmf-dist/tex/generic/pgfplots/sys/pgfplotssysgeneric.code
.tex))
(/usr/share/texlive/texmf-dist/tex/generic/pgfplots/libs/pgfplotslibrary.code.t
ex)
(/usr/share/texlive/texmf-dist/tex/generic/pgfplots/oldpgfcompatib/pgfplotsoldp
gfsupp_loader.code.tex
Package pgfplots: loading complementary code for your PGF version...

(/usr/share/texlive/texmf-dist/tex/generic/pgfplots/oldpgfcompatib/pgfplotsoldp
gfsupp_misc.code.tex)
(/usr/share/texlive/texmf-dist/tex/generic/pgfplots/oldpgfcompatib/pgfplotsoldp
gfsupp_pgfkeys.code.tex
\pgfkeys@pathtoks=\toks41
\pgfkeys@temptoks=\toks42

(/usr/share/texlive/texmf-dist/tex/generic/pgfplots/oldpgfcompatib/pgfplotsoldp
gfsupp_pgfkeysfiltered.code.tex
\pgfkeys@tmptoks=\toks43
))
(/usr/share/texlive/texmf-dist/tex/generic/pgfplots/oldpgfcompatib/pgfplotsoldp
gfsupp_pgfmathfloat.code.tex
\c@pgfmathroundto@lastzeros=\count140
)
(/usr/share/texlive/texmf-dist/tex/generic/pgfplots/oldpgfcompatib/pgfplotsoldp
gfsupp_pgflibraryplothandlers.code.tex
File: pgflibraryplothandlers.code.tex 2012/09/11 v2.10 (rcs-revision 1.17)
\pgf@plot@mark@count=\count141
\pgfplotmarksize=\dimen184
)
(/usr/share/texlive/texmf-dist/tex/generic/pgfplots/oldpgfcompatib/pgfplotsoldp
gfsupp_pgflibraryfpu.code.tex)
(/usr/share/texlive/texmf-dist/tex/generic/pgfplots/oldpgfcompatib/pgfplotsoldp
gfsupp_pgfcorescopes.code.tex
File: pgfcorescopes.code.tex 2012/11/30  (rcs-revision 1.38)
\pgfpic=\box42
\pgf@hbox=\box43
\pgf@layerbox@main=\box44
\pgf@picture@serial@count=\count142
)
(/usr/share/texlive/texmf-dist/tex/generic/pgfplots/oldpgfcompatib/pgfplotsoldp
gfsupp_pgfcorelayers.code.tex
File: pgfcorelayers.code.tex 2012/11/07  (rcs-revision 1.5)
))
(/usr/share/texlive/texmf-dist/tex/generic/pgfplots/util/pgfplotsutil.code.tex
(/usr/share/texlive/texmf-dist/tex/generic/pgfplots/liststructure/pgfplotslists
tructure.code.tex)
(/usr/share/texlive/texmf-dist/tex/generic/pgfplots/liststructure/pgfplotslists
tructureext.code.tex)
(/usr/share/texlive/texmf-dist/tex/generic/pgfplots/liststructure/pgfplotsarray
.code.tex
\c@pgfplotsarray@tmp=\count143
)
(/usr/share/texlive/texmf-dist/tex/generic/pgfplots/liststructure/pgfplotsmatri
x.code.tex)
(/usr/share/texlive/texmf-dist/tex/generic/pgfplots/numtable/pgfplotstableshare
d.code.tex
\c@pgfplotstable@counta=\count144
\t@pgfplotstable@a=\toks44
)
(/usr/share/texlive/texmf-dist/tex/generic/pgfplots/liststructure/pgfplotsdeque
.code.tex)
(/usr/share/texlive/texmf-dist/tex/generic/pgfplots/util/pgfplotsbinary.code.te
x
(/usr/share/texlive/texmf-dist/tex/generic/pgfplots/util/pgfplotsbinary.data.co
de.tex))
(/usr/share/texlive/texmf-dist/tex/generic/pgfplots/util/pgfplotsutil.verb.code
.tex)
(/usr/share/texlive/texmf-dist/tex/generic/pgfplots/libs/pgflibrarypgfplots.sur
fshading.code.tex
\c@pgfplotslibrarysurf@no=\count145

(/usr/share/texlive/texmf-dist/tex/generic/pgfplots/sys/pgflibrarypgfplots.surf
shading.pgfsys-pdftex.def)))
(/usr/share/texlive/texmf-dist/tex/generic/pgfplots/util/pgfplotscolormap.code.
tex
(/usr/share/texlive/texmf-dist/tex/generic/pgfplots/util/pgfplotscolor.code.tex
))
(/usr/share/texlive/texmf-dist/tex/generic/pgfplots/pgfplotsstackedplots.code.t
ex)
(/usr/share/texlive/texmf-dist/tex/generic/pgfplots/pgfplotsplothandlers.code.t
ex
(/usr/share/texlive/texmf-dist/tex/generic/pgfplots/pgfplotsmeshplothandler.cod
e.tex))
(/usr/share/texlive/texmf-dist/tex/generic/pgfplots/pgfplots.scaling.code.tex)
(/usr/share/texlive/texmf-dist/tex/generic/pgfplots/pgfplotscoordprocessing.cod
e.tex)
(/usr/share/texlive/texmf-dist/tex/generic/pgfplots/pgfplots.errorbars.code.tex
) (/usr/share/texlive/texmf-dist/tex/generic/pgfplots/pgfplots.markers.code.tex
) (/usr/share/texlive/texmf-dist/tex/generic/pgfplots/pgfplotsticks.code.tex)
(/usr/share/texlive/texmf-dist/tex/generic/pgfplots/pgfplots.paths.code.tex)
(/usr/share/texmf/tex/generic/pgf/frontendlayer/tikz/libraries/tikzlibrarydecor
ations.code.tex
(/usr/share/texmf/tex/generic/pgf/modules/pgfmoduledecorations.code.tex
\pgfdecoratedcompleteddistance=\dimen185
\pgfdecoratedremainingdistance=\dimen186
\pgfdecoratedinputsegmentcompleteddistance=\dimen187
\pgfdecoratedinputsegmentremainingdistance=\dimen188
\pgf@decorate@distancetomove=\dimen189
\pgf@decorate@repeatstate=\count146
\pgfdecorationsegmentamplitude=\dimen190
\pgfdecorationsegmentlength=\dimen191
)
\tikz@lib@dec@box=\box45
)
(/usr/share/texmf/tex/generic/pgf/frontendlayer/tikz/libraries/tikzlibrarydecor
ations.pathmorphing.code.tex
(/usr/share/texmf/tex/generic/pgf/libraries/decorations/pgflibrarydecorations.p
athmorphing.code.tex))
(/usr/share/texmf/tex/generic/pgf/frontendlayer/tikz/libraries/tikzlibrarydecor
ations.pathreplacing.code.tex
(/usr/share/texmf/tex/generic/pgf/libraries/decorations/pgflibrarydecorations.p
athreplacing.code.tex))
\pgfplots@numplots=\count147
\pgfplots@xmin@reg=\dimen192
\pgfplots@xmax@reg=\dimen193
\pgfplots@ymin@reg=\dimen194
\pgfplots@ymax@reg=\dimen195
\pgfplots@zmin@reg=\dimen196
\pgfplots@zmax@reg=\dimen197
)
(/usr/share/texmf/tex/generic/pgf/frontendlayer/tikz/libraries/tikzlibraryplotm
arks.code.tex
File: tikzlibraryplotmarks.code.tex 2008/01/09 v2.10 (rcs-revision 1.1)

(/usr/share/texmf/tex/generic/pgf/libraries/pgflibraryplotmarks.code.tex
File: pgflibraryplotmarks.code.tex 2010/10/15 v2.10 (rcs-revision 1.12)
)))
(/usr/share/texmf/tex/generic/pgf/frontendlayer/tikz/libraries/tikzlibraryinter
sections.code.tex
(/usr/share/texmf/tex/generic/pgf/libraries/pgflibraryintersections.code.tex
\pgf@intersect@solutions=\count148
))
(/usr/share/texlive/texmf-dist/tex/latex/standalone/standalone.sty
Package: standalone 2012/09/15 v1.1b Package to include TeX sub-files with prea
mbles

(/usr/share/texlive/texmf-dist/tex/latex/xkeyval/xkeyval.sty
Package: xkeyval 2012/10/14 v2.6b package option processing (HA)

(/usr/share/texlive/texmf-dist/tex/generic/xkeyval/xkeyval.tex
\XKV@toks=\toks45
\XKV@tempa@toks=\toks46
\XKV@depth=\count149
File: xkeyval.tex 2012/10/14 v2.6b key=value parser (HA)
))
(/usr/share/texlive/texmf-dist/tex/latex/currfile/currfile.sty
Package: currfile 2013/02/01 v0.7b Provides the file path elements of the curre
nt input file

(/usr/share/texlive/texmf-dist/tex/latex/oberdiek/kvoptions.sty
Package: kvoptions 2011/06/30 v3.11 Key value format for package options (HO)

(/usr/share/texlive/texmf-dist/tex/generic/oberdiek/kvsetkeys.sty
Package: kvsetkeys 2012/04/25 v1.16 Key value parser (HO)
))
(/usr/share/texlive/texmf-dist/tex/latex/filehook/filehook.sty
Package: filehook 2011/10/12 v0.5d Hooks for input files
)
\c@currfiledepth=\count150
)
(/usr/share/texlive/texmf-dist/tex/latex/gincltex/gincltex.sty
(/usr/share/texlive/texmf-dist/tex/latex/svn-prov/svn-prov.sty
Package: svn-prov 2010/04/24 v3.1862 Package Date/Version from SVN Keywords
)
Package: gincltex 2011/09/04 v0.3 Include external LaTeX files like graphics

(/usr/share/texlive/texmf-dist/tex/latex/adjustbox/adjustbox.sty
Package: adjustbox 2012/05/21 v1.0 Adjusting TeX boxes (trim, clip, ...)

(/usr/share/texlive/texmf-dist/tex/latex/adjustbox/adjcalc.sty
Package: adjcalc 2012/05/16 v1.1 Provides advanced setlength with multiple back
-ends (calc, etex, pgfmath)
)
(/usr/share/texlive/texmf-dist/tex/latex/adjustbox/trimclip.sty
Package: trimclip 2012/05/16 v1.0 Trim and clip general TeX material

(/usr/share/texlive/texmf-dist/tex/latex/collectbox/collectbox.sty
Package: collectbox 2012/05/17 v0.4b Collect macro arguments as boxes
\collectedbox=\box46
)
\tc@llx=\dimen198
\tc@lly=\dimen199
\tc@urx=\dimen200
\tc@ury=\dimen201
Package trimclip Info: Using driver 'tc-pdftex.def'.

(/usr/share/texlive/texmf-dist/tex/latex/adjustbox/tc-pdftex.def
File: tc-pdftex.def 2012/05/13 v1.0 Clipping driver for pdftex
))
\adjbox@Width=\dimen202
\adjbox@Height=\dimen203
\adjbox@Depth=\dimen204
\adjbox@Totalheight=\dimen205

(/usr/share/texlive/texmf-dist/tex/latex/ifoddpage/ifoddpage.sty
Package: ifoddpage 2011/09/13 v1.0 Conditionals for odd/even page detection
\c@checkoddpage=\count151
)
(/usr/share/texlive/texmf-dist/tex/latex/varwidth/varwidth.sty
Package: varwidth 2009/03/30 ver 0.92;  Variable-width minipages
\@vwid@box=\box47
\sift@deathcycles=\count152
\@vwid@loff=\dimen206
\@vwid@roff=\dimen207
))
\gincltex@box=\box48
)
(/usr/share/texlive/texmf-dist/tex/latex/filemod/filemod-expmin.sty
Package: filemod-expmin 2011/09/19 v1.2 Get and compare file modification times
 (expandable; minimal)
))
(/usr/share/texlive/texmf-dist/tex/latex/dirtytalk/dirtytalk.sty
Package: dirtytalk 2010/11/21 A package making "quoting" easier
\c@dirtytalk@qdepth=\count153
)
(/usr/share/texlive/texmf-dist/tex/latex/todonotes/todonotes.sty
Package: todonotes 2012/07/25 .dtx Todonotes source and documentation.
Package: todonotes 2012/07/25

(/usr/share/texmf/tex/generic/pgf/frontendlayer/tikz/libraries/tikzlibraryposit
ioning.code.tex
File: tikzlibrarypositioning.code.tex 2008/10/06 v2.10 (rcs-revision 1.7)
)
\c@@todonotes@numberoftodonotes=\count154
) (./thesis.aux (./Chapters/abstract.aux)
(./Chapters/acknowledgements.aux) (./Chapters/chapter1.aux)
(./Chapters/chapter2.aux) (./Chapters/chapter3.aux) (./Chapters/chapter4.aux)
(./Chapters/chapter5.aux) (./Chapters/appendix.aux))
\openout1 = `thesis.aux'.

LaTeX Font Info:    Checking defaults for OML/cmm/m/it on input line 59.
LaTeX Font Info:    ... okay on input line 59.
LaTeX Font Info:    Checking defaults for T1/cmr/m/n on input line 59.
LaTeX Font Info:    ... okay on input line 59.
LaTeX Font Info:    Checking defaults for OT1/cmr/m/n on input line 59.
LaTeX Font Info:    ... okay on input line 59.
LaTeX Font Info:    Checking defaults for OMS/cmsy/m/n on input line 59.
LaTeX Font Info:    ... okay on input line 59.
LaTeX Font Info:    Checking defaults for OMX/cmex/m/n on input line 59.
LaTeX Font Info:    ... okay on input line 59.
LaTeX Font Info:    Checking defaults for U/cmr/m/n on input line 59.
LaTeX Font Info:    ... okay on input line 59.

(/usr/share/texlive/texmf-dist/tex/context/base/supp-pdf.mkii
[Loading MPS to PDF converter (version 2006.09.02).]
\scratchcounter=\count155
\scratchdimen=\dimen208
\scratchbox=\box49
\nofMPsegments=\count156
\nofMParguments=\count157
\everyMPshowfont=\toks47
\MPscratchCnt=\count158
\MPscratchDim=\dimen209
\MPnumerator=\count159
\makeMPintoPDFobject=\count160
\everyMPtoPDFconversion=\toks48
) (/usr/share/texlive/texmf-dist/tex/generic/oberdiek/pdftexcmds.sty
Package: pdftexcmds 2011/11/29 v0.20 Utility functions of pdfTeX for LuaTeX (HO
)
Package pdftexcmds Info: LuaTeX not detected.
Package pdftexcmds Info: \pdf@primitive is available.
Package pdftexcmds Info: \pdf@ifprimitive is available.
Package pdftexcmds Info: \pdfdraftmode found.
)
(/usr/share/texlive/texmf-dist/tex/latex/oberdiek/epstopdf-base.sty
Package: epstopdf-base 2010/02/09 v2.5 Base part for package epstopdf

(/usr/share/texlive/texmf-dist/tex/latex/oberdiek/grfext.sty
Package: grfext 2010/08/19 v1.1 Manage graphics extensions (HO)

(/usr/share/texlive/texmf-dist/tex/generic/oberdiek/kvdefinekeys.sty
Package: kvdefinekeys 2011/04/07 v1.3 Define keys (HO)
))
Package grfext Info: Graphics extension search list:
(grfext)             [.png,.pdf,.jpg,.mps,.jpeg,.jbig2,.jb2,.PNG,.PDF,.JPG,.JPE
G,.JBIG2,.JB2,.eps]
(grfext)             \AppendGraphicsExtensions on input line 452.

(/usr/share/texlive/texmf-dist/tex/latex/latexconfig/epstopdf-sys.cfg
File: epstopdf-sys.cfg 2010/07/13 v1.3 Configuration of (r)epstopdf for TeX Liv
e
))
Package caption Info: Begin \AtBeginDocument code.
Package caption Info: listings package is loaded.
Package caption Info: End \AtBeginDocument code.
\c@lstlisting=\count161
\AtBeginShipoutBox=\box50

ABD: EveryShipout initializing macros

Package pgfplots Warning: running in backwards compatibility mode (unsuitable t
ick labels; missing features). Consider writing \pgfplotsset{compat=1.9} into y
our preamble.
 on input line 59.

[1

{/var/lib/texmf/fonts/map/pdftex/updmap/pdftex.map}]
\openout2 = `Chapters/abstract.aux'.

 (./Chapters/abstract.tex) [2

]
\openout2 = `Chapters/acknowledgements.aux'.

 (./Chapters/acknowledgements.tex) [3




] (./thesis.toc
LaTeX Font Info:    Try loading font information for U+msa on input line 2.

(/usr/share/texlive/texmf-dist/tex/latex/amsfonts/umsa.fd
File: umsa.fd 2013/01/14 v3.01 AMS symbols A
)
LaTeX Font Info:    Try loading font information for U+msb on input line 2.

(/usr/share/texlive/texmf-dist/tex/latex/amsfonts/umsb.fd
File: umsb.fd 2013/01/14 v3.01 AMS symbols B
) [1



])
\tf@toc=\write6
\openout6 = `thesis.toc'.

 [2]
\openout2 = `Chapters/chapter1.aux'.


(./Chapters/chapter1.tex
Chapter 1.
[1



]
<../Figures/lytro/Lytro_Light_Field_Camera-front_background_removed.png, id=29,
 2846.635pt x 2238.3625pt>
File: ../Figures/lytro/Lytro_Light_Field_Camera-front_background_removed.png Gr
aphic file (type png)

<use ../Figures/lytro/Lytro_Light_Field_Camera-front_background_removed.png>
Package pdftex.def Info: ../Figures/lytro/Lytro_Light_Field_Camera-front_backgr
ound_removed.png used on input line 31.
(pdftex.def)             Requested size: 126.61621pt x 99.58464pt.

<../Figures/camera_array/stanford_camera_array_2.jpg, id=31, 401.5pt x 314.1737
5pt>
File: ../Figures/camera_array/stanford_camera_array_2.jpg Graphic file (type jp
g)
 <use ../Figures/camera_array/stanford_camera_array_2.jpg>
Package pdftex.def Info: ../Figures/camera_array/stanford_camera_array_2.jpg us
ed on input line 38.
(pdftex.def)             Requested size: 127.26346pt x 99.58464pt.
 [2 <../Figures/lytro/Lytro_Light_Field_Camera-front_background_removed.png> <.
./Figures/camera_array/stanford_camera_array_2.jpg>]
<../Figures/hand_craft/glass_plates_front_view_cropped.jpg, id=38, 1608.0075pt 
x 1610.015pt>
File: ../Figures/hand_craft/glass_plates_front_view_cropped.jpg Graphic file (t
ype jpg)
 <use ../Figures/hand_craft/glass_plates_front_view_cropped.jpg>
Package pdftex.def Info: ../Figures/hand_craft/glass_plates_front_view_cropped.
jpg used on input line 81.
(pdftex.def)             Requested size: 169.0519pt x 169.24081pt.

<../Figures/hand_craft/glass_plates_side_view_cropped.jpg, id=39, 1638.12pt x 1
640.1275pt>
File: ../Figures/hand_craft/glass_plates_side_view_cropped.jpg Graphic file (ty
pe jpg)
 <use ../Figures/hand_craft/glass_plates_side_view_cropped.jpg>
Package pdftex.def Info: ../Figures/hand_craft/glass_plates_side_view_cropped.j
pg used on input line 88.
(pdftex.def)             Requested size: 169.0519pt x 169.25285pt.

[3 <../Figures/hand_craft/glass_plates_front_view_cropped.jpg> <../Figures/hand
_craft/glass_plates_side_view_cropped.jpg>]) [4]
\openout2 = `Chapters/chapter2.aux'.

 (./Chapters/chapter2.tex
Chapter 2.
(../Figures/two-plane-parameterization.tex) [5




]
(../Figures/oblique-projection.tex)
(../Figures/oblique-projection-reparameterization.tex) [6]
LaTeX Font Info:    Try loading font information for OMS+cmr on input line 95.

(/usr/share/texlive/texmf-dist/tex/latex/base/omscmr.fd
File: omscmr.fd 1999/05/25 v2.5h Standard LaTeX font definitions
)
LaTeX Font Info:    Font shape `OMS/cmr/m/n' in size <10> not available
(Font)              Font shape `OMS/cmsy/m/n' tried instead on input line 95.


LaTeX Warning: Reference `*' on page 7 undefined on input line 109.


Overfull \hbox (32.40805pt too wide) in paragraph at lines 107--111
\OT1/cmr/m/n/10 cor-re-spond to valid rays. This rec-ti-fi-ca-tion pro-cess is 
equiv-a-lent to a re-parameterization
 []

[7] (../Figures/perspective-projection-shift.tex)
(../Figures/perspective-projection-sheared.tex) [8]
(../Figures/epi_dice_overview.tex
<../Figures/epi_1x500x1000x1000/overview.png, id=68, 1003.75pt x 617.30624pt>
File: ../Figures/epi_1x500x1000x1000/overview.png Graphic file (type png)

<use ../Figures/epi_1x500x1000x1000/overview.png>
Package pdftex.def Info: ../Figures/epi_1x500x1000x1000/overview.png used on in
put line 25.
(pdftex.def)             Requested size: 92.3553pt x 56.79851pt.
) (../Figures/epi_dice_1.tex
<../Figures/epi_1x500x1000x1000/scanY=379.png, id=69, 1003.75pt x 501.875pt>
File: ../Figures/epi_1x500x1000x1000/scanY=379.png Graphic file (type png)

<use ../Figures/epi_1x500x1000x1000/scanY=379.png>
Package pdftex.def Info: ../Figures/epi_1x500x1000x1000/scanY=379.png used on i
nput line 25.
(pdftex.def)             Requested size: 92.3553pt x 46.17764pt.
) (../Figures/epi_dice_2.tex
<../Figures/epi_1x500x1000x1000/scanY=641.png, id=70, 1003.75pt x 501.875pt>
File: ../Figures/epi_1x500x1000x1000/scanY=641.png Graphic file (type png)

<use ../Figures/epi_1x500x1000x1000/scanY=641.png>
Package pdftex.def Info: ../Figures/epi_1x500x1000x1000/scanY=641.png used on i
nput line 25.
(pdftex.def)             Requested size: 92.3553pt x 46.17764pt.
)
(../Figures/epi_dice_overview_rectified.tex
<../Figures/epi_1x500x1000x1000/rectified/overview.png, id=71, 752.8125pt x 617
.30624pt>
File: ../Figures/epi_1x500x1000x1000/rectified/overview.png Graphic file (type 
png)
 <use ../Figures/epi_1x500x1000x1000/rectified/overview.png>
Package pdftex.def Info: ../Figures/epi_1x500x1000x1000/rectified/overview.png 
used on input line 25.
(pdftex.def)             Requested size: 69.26648pt x 56.79851pt.
)
(../Figures/epi_dice_1_rectified.tex
<../Figures/epi_1x500x1000x1000/rectified/scanY=379.png, id=72, 752.8125pt x 50
1.875pt>
File: ../Figures/epi_1x500x1000x1000/rectified/scanY=379.png Graphic file (type
 png)
 <use ../Figures/epi_1x500x1000x1000/rectified/scanY=379.png>
Package pdftex.def Info: ../Figures/epi_1x500x1000x1000/rectified/scanY=379.png
 used on input line 28.
(pdftex.def)             Requested size: 69.26648pt x 46.17764pt.
)
(../Figures/epi_dice_2_rectified.tex
<../Figures/epi_1x500x1000x1000/rectified/scanY=641.png, id=73, 752.8125pt x 50
1.875pt>
File: ../Figures/epi_1x500x1000x1000/rectified/scanY=641.png Graphic file (type
 png)
 <use ../Figures/epi_1x500x1000x1000/rectified/scanY=641.png>
Package pdftex.def Info: ../Figures/epi_1x500x1000x1000/rectified/scanY=641.png
 used on input line 28.
(pdftex.def)             Requested size: 69.26648pt x 46.17764pt.
))

LaTeX Warning: Marginpar on page 9 moved.


LaTeX Warning: Marginpar on page 9 moved.

[9 <../Figures/epi_1x500x1000x1000/overview.png (PNG copy)> <../Figures/epi_1x5
00x1000x1000/scanY=379.png (PNG copy)> <../Figures/epi_1x500x1000x1000/scanY=64
1.png (PNG copy)> <../Figures/epi_1x500x1000x1000/rectified/overview.png (PNG c
opy)> <../Figures/epi_1x500x1000x1000/rectified/scanY=379.png (PNG copy)> <../F
igures/epi_1x500x1000x1000/rectified/scanY=641.png (PNG copy)>]
\openout2 = `Chapters/chapter3.aux'.


(./Chapters/chapter3.tex
Chapter 3.

LaTeX Warning: Marginpar on page 10 moved.


LaTeX Warning: Marginpar on page 10 moved.

[10




] (../Figures/radon_transform_2D.tex) [11] [12]
(../Figures/ray_casting_oblique_projection.tex)
(../Figures/ray_casting_perspective_projection.tex) [13] [14]) [15]
\openout2 = `Chapters/chapter4.aux'.


(./Chapters/chapter4.tex
Chapter 4.
[16




] (../Figures/spectral_support/two_objects.tex)
(../Figures/spectral_support/epi_fourier_transform.tex)
(../Figures/spectral_support/epi_two_objects.tex)
(../Figures/spectral_support/fourier_transform_red_and_blue.tex
<../Figures/spectral_support/fft_red_and_blue.png, id=105, 1003.75pt x 1003.75p
t>
File: ../Figures/spectral_support/fft_red_and_blue.png Graphic file (type png)
 <use ../Figures/spectral_support/fft_red_and_blue.png>
Package pdftex.def Info: ../Figures/spectral_support/fft_red_and_blue.png used 
on input line 13.
(pdftex.def)             Requested size: 142.26378pt x 142.25475pt.
)
Overfull \hbox (2.22221pt too wide) in paragraph at lines 47--74
[]$[]$ $[]$ 
 []

[17 <../Figures/spectral_support/fft_red_and_blue.png (PNG copy)>]
(../Figures/spectral_support/3_layers.tex)
(../Figures/spectral_support/3_layers_convolution.tex)
(../Figures/spectral_support/cut-off-frequency_N_layers.tex
Missing character: There is no ; in font nullfont!
Missing character: There is no ; in font nullfont!
Missing character: There is no ; in font nullfont!
Missing character: There is no ; in font nullfont!
Missing character: There is no ; in font nullfont!
) [18]
<../Figures/spectral_support/convolution_2_layers.png, id=112, 3012.25375pt x 3
012.25375pt>
File: ../Figures/spectral_support/convolution_2_layers.png Graphic file (type p
ng)
 <use ../Figures/spectral_support/convolution_2_layers.png>
Package pdftex.def Info: ../Figures/spectral_support/convolution_2_layers.png u
sed on input line 156.
(pdftex.def)             Requested size: 99.55635pt x 99.58464pt.

<../Figures/spectral_support/convolution_3_layers.png, id=113, 3012.25375pt x 3
012.25375pt>
File: ../Figures/spectral_support/convolution_3_layers.png Graphic file (type p
ng)
 <use ../Figures/spectral_support/convolution_3_layers.png>
Package pdftex.def Info: ../Figures/spectral_support/convolution_3_layers.png u
sed on input line 157.
(pdftex.def)             Requested size: 99.55635pt x 99.58464pt.

<../Figures/spectral_support/convolution_5_layers.png, id=114, 3012.25375pt x 3
012.25375pt>
File: ../Figures/spectral_support/convolution_5_layers.png Graphic file (type p
ng)
 <use ../Figures/spectral_support/convolution_5_layers.png>
Package pdftex.def Info: ../Figures/spectral_support/convolution_5_layers.png u
sed on input line 158.
(pdftex.def)             Requested size: 99.55635pt x 99.58464pt.

[19]) [20 <../Figures/spectral_support/convolution_2_layers.png (PNG copy)> <..
/Figures/spectral_support/convolution_3_layers.png (PNG copy)> <../Figures/spec
tral_support/convolution_5_layers.png (PNG copy)>]
\openout2 = `Chapters/chapter5.aux'.

 (./Chapters/chapter5.tex
Chapter 5.
[21




] [22] (../Figures/depth_compression/baseline_unscaled.tex
<../Figures/depth_compression/baseline_unscaled/Reconstruction_of_view_(9,9).pn
g, id=128, 513.92pt x 513.92pt>
File: ../Figures/depth_compression/baseline_unscaled/Reconstruction_of_view_(9,
9).png Graphic file (type png)

<use ../Figures/depth_compression/baseline_unscaled/Reconstruction_of_view_(9,9
).png>
Package pdftex.def Info: ../Figures/depth_compression/baseline_unscaled/Reconst
ruction_of_view_(9,9).png used on input line 8.
(pdftex.def)             Requested size: 106.69783pt x 106.69522pt.
File: ../Figures/depth_compression/baseline_unscaled/Reconstruction_of_view_(9,
9).png Graphic file (type png)

<use ../Figures/depth_compression/baseline_unscaled/Reconstruction_of_view_(9,9
).png>
Package pdftex.def Info: ../Figures/depth_compression/baseline_unscaled/Reconst
ruction_of_view_(9,9).png used on input line 24.
(pdftex.def)             Requested size: 106.69783pt x 106.69522pt.
File: ../Figures/depth_compression/baseline_unscaled/Reconstruction_of_view_(9,
9).png Graphic file (type png)

<use ../Figures/depth_compression/baseline_unscaled/Reconstruction_of_view_(9,9
).png>
Package pdftex.def Info: ../Figures/depth_compression/baseline_unscaled/Reconst
ruction_of_view_(9,9).png used on input line 36.
(pdftex.def)             Requested size: 106.69783pt x 106.69522pt.
) (../Figures/depth_compression/baseline_scaled.tex
<../Figures/depth_compression/baseline_scaled_shifted/Reconstruction_of_view_(9
,9).png, id=129, 513.92pt x 513.92pt>
File: ../Figures/depth_compression/baseline_scaled_shifted/Reconstruction_of_vi
ew_(9,9).png Graphic file (type png)

<use ../Figures/depth_compression/baseline_scaled_shifted/Reconstruction_of_vie
w_(9,9).png>
Package pdftex.def Info: ../Figures/depth_compression/baseline_scaled_shifted/R
econstruction_of_view_(9,9).png used on input line 8.
(pdftex.def)             Requested size: 106.69783pt x 106.69522pt.
File: ../Figures/depth_compression/baseline_scaled_shifted/Reconstruction_of_vi
ew_(9,9).png Graphic file (type png)

<use ../Figures/depth_compression/baseline_scaled_shifted/Reconstruction_of_vie
w_(9,9).png>
Package pdftex.def Info: ../Figures/depth_compression/baseline_scaled_shifted/R
econstruction_of_view_(9,9).png used on input line 24.
(pdftex.def)             Requested size: 106.69783pt x 106.69522pt.
File: ../Figures/depth_compression/baseline_scaled_shifted/Reconstruction_of_vi
ew_(9,9).png Graphic file (type png)

<use ../Figures/depth_compression/baseline_scaled_shifted/Reconstruction_of_vie
w_(9,9).png>
Package pdftex.def Info: ../Figures/depth_compression/baseline_scaled_shifted/R
econstruction_of_view_(9,9).png used on input line 36.
(pdftex.def)             Requested size: 106.69783pt x 106.69522pt.
) [23] (../Figures/tiling/tiling_layout.tex)
(../Figures/tiling/tiling_masks_sum.tex
<../Figures/tiling/blending_masks_sum_3x3.png, id=133, 376.40625pt x 376.40625p
t>
File: ../Figures/tiling/blending_masks_sum_3x3.png Graphic file (type png)
 <use ../Figures/tiling/blending_masks_sum_3x3.png>
Package pdftex.def Info: ../Figures/tiling/blending_masks_sum_3x3.png used on i
nput line 16.
(pdftex.def)             Requested size: 106.69783pt x 106.6968pt.
)
<../Figures/tiling/tarot_tiles3x3x200x200_no_overlap_3_layers/1.png, id=134, 51
3.92pt x 513.92pt>
File: ../Figures/tiling/tarot_tiles3x3x200x200_no_overlap_3_layers/1.png Graphi
c file (type png)

<use ../Figures/tiling/tarot_tiles3x3x200x200_no_overlap_3_layers/1.png>
Package pdftex.def Info: ../Figures/tiling/tarot_tiles3x3x200x200_no_overlap_3_
layers/1.png used on input line 175.
(pdftex.def)             Requested size: 79.34853pt x 79.3431pt.

<../Figures/tiling/tarot_tiles5x5x200x200_overlap0.5_3_layers/1.png, id=135, 51
3.92pt x 513.92pt>
File: ../Figures/tiling/tarot_tiles5x5x200x200_overlap0.5_3_layers/1.png Graphi
c file (type png)

<use ../Figures/tiling/tarot_tiles5x5x200x200_overlap0.5_3_layers/1.png>
Package pdftex.def Info: ../Figures/tiling/tarot_tiles5x5x200x200_overlap0.5_3_
layers/1.png used on input line 179.
(pdftex.def)             Requested size: 79.34853pt x 79.3431pt.

<../Figures/tiling/tarot_tiles3x3x200x200_no_overlap_3_layers/2.png, id=136, 51
3.92pt x 513.92pt>
File: ../Figures/tiling/tarot_tiles3x3x200x200_no_overlap_3_layers/2.png Graphi
c file (type png)

<use ../Figures/tiling/tarot_tiles3x3x200x200_no_overlap_3_layers/2.png>
Package pdftex.def Info: ../Figures/tiling/tarot_tiles3x3x200x200_no_overlap_3_
layers/2.png used on input line 183.
(pdftex.def)             Requested size: 79.34853pt x 79.3431pt.

<../Figures/tiling/tarot_tiles5x5x200x200_overlap0.5_3_layers/2.png, id=137, 51
3.92pt x 513.92pt>
File: ../Figures/tiling/tarot_tiles5x5x200x200_overlap0.5_3_layers/2.png Graphi
c file (type png)

<use ../Figures/tiling/tarot_tiles5x5x200x200_overlap0.5_3_layers/2.png>
Package pdftex.def Info: ../Figures/tiling/tarot_tiles5x5x200x200_overlap0.5_3_
layers/2.png used on input line 187.
(pdftex.def)             Requested size: 79.34853pt x 79.3431pt.

<../Figures/tiling/tarot_tiles3x3x200x200_no_overlap_3_layers/3.png, id=138, 51
3.92pt x 513.92pt>
File: ../Figures/tiling/tarot_tiles3x3x200x200_no_overlap_3_layers/3.png Graphi
c file (type png)

<use ../Figures/tiling/tarot_tiles3x3x200x200_no_overlap_3_layers/3.png>
Package pdftex.def Info: ../Figures/tiling/tarot_tiles3x3x200x200_no_overlap_3_
layers/3.png used on input line 191.
(pdftex.def)             Requested size: 79.34853pt x 79.3431pt.

<../Figures/tiling/tarot_tiles5x5x200x200_overlap0.5_3_layers/3.png, id=139, 51
3.92pt x 513.92pt>
File: ../Figures/tiling/tarot_tiles5x5x200x200_overlap0.5_3_layers/3.png Graphi
c file (type png)

<use ../Figures/tiling/tarot_tiles5x5x200x200_overlap0.5_3_layers/3.png>
Package pdftex.def Info: ../Figures/tiling/tarot_tiles5x5x200x200_overlap0.5_3_
layers/3.png used on input line 195.
(pdftex.def)             Requested size: 79.34853pt x 79.3431pt.

<../Figures/tiling/tarot_tiles3x3x200x200_no_overlap_3_layers/blendingMaskSum.p
ng, id=140, 513.92pt x 513.92pt>
File: ../Figures/tiling/tarot_tiles3x3x200x200_no_overlap_3_layers/blendingMask
Sum.png Graphic file (type png)

<use ../Figures/tiling/tarot_tiles3x3x200x200_no_overlap_3_layers/blendingMaskS
um.png>
Package pdftex.def Info: ../Figures/tiling/tarot_tiles3x3x200x200_no_overlap_3_
layers/blendingMaskSum.png used on input line 199.
(pdftex.def)             Requested size: 79.34853pt x 79.3431pt.

<../Figures/tiling/tarot_tiles5x5x200x200_overlap0.5_3_layers/blendingMaskSum.p
ng, id=141, 513.92pt x 513.92pt>
File: ../Figures/tiling/tarot_tiles5x5x200x200_overlap0.5_3_layers/blendingMask
Sum.png Graphic file (type png)

<use ../Figures/tiling/tarot_tiles5x5x200x200_overlap0.5_3_layers/blendingMaskS
um.png>
Package pdftex.def Info: ../Figures/tiling/tarot_tiles5x5x200x200_overlap0.5_3_
layers/blendingMaskSum.png used on input line 203.
(pdftex.def)             Requested size: 79.34853pt x 79.3431pt.
 [24 <../Figures/depth_compression/baseline_unscaled/Reconstruction_of_view_(9,
9).png (PNG copy)> <../Figures/depth_compression/baseline_scaled_shifted/Recons
truction_of_view_(9,9).png (PNG copy)>]
(../Figures/optimization_performance/iterations_vs_rmse.tex
Missing character: There is no ; in font nullfont!
Missing character: There is no ; in font nullfont!
)
(../Figures/optimization_performance/iterations_vs_time.tex
Missing character: There is no ; in font nullfont!
Missing character: There is no ; in font nullfont!
)
(../Figures/optimization_performance/layers_vs_psnr.tex
Missing character: There is no ; in font nullfont!
Missing character: There is no ; in font nullfont!
)
<../Figures/contrast/2layer/Reconstruction_of_view_(5,5).png, id=146, 642.4pt x
 481.8pt>
File: ../Figures/contrast/2layer/Reconstruction_of_view_(5,5).png Graphic file 
(type png)
 <use ../Figures/contrast/2layer/Reconstruction_of_view_(5,5).png>
Package pdftex.def Info: ../Figures/contrast/2layer/Reconstruction_of_view_(5,5
).png used on input line 275.
(pdftex.def)             Requested size: 110.40253pt x 43.68285pt.

<../Figures/contrast/2layer/MSE_for_view_(5,5).png, id=148, 642.4pt x 481.8pt>
File: ../Figures/contrast/2layer/MSE_for_view_(5,5).png Graphic file (type png)


<use ../Figures/contrast/2layer/MSE_for_view_(5,5).png>
Package pdftex.def Info: ../Figures/contrast/2layer/MSE_for_view_(5,5).png used
 on input line 279.
(pdftex.def)             Requested size: 110.40253pt x 43.68285pt.

<../Figures/contrast/5layer/Reconstruction_of_view_(5,5).png, id=150, 642.4pt x
 481.8pt>
File: ../Figures/contrast/5layer/Reconstruction_of_view_(5,5).png Graphic file 
(type png)
 <use ../Figures/contrast/5layer/Reconstruction_of_view_(5,5).png>
Package pdftex.def Info: ../Figures/contrast/5layer/Reconstruction_of_view_(5,5
).png used on input line 284.
(pdftex.def)             Requested size: 110.40253pt x 43.68285pt.

<../Figures/contrast/5layer/MSE_for_view_(5,5).png, id=152, 642.4pt x 481.8pt>
File: ../Figures/contrast/5layer/MSE_for_view_(5,5).png Graphic file (type png)


<use ../Figures/contrast/5layer/MSE_for_view_(5,5).png>
Package pdftex.def Info: ../Figures/contrast/5layer/MSE_for_view_(5,5).png used
 on input line 288.
(pdftex.def)             Requested size: 110.40253pt x 43.68285pt.

<../Figures/contrast/5layer_2x_resolution/Reconstruction_of_view_(5,5).png, id=
154, 642.4pt x 481.8pt>
File: ../Figures/contrast/5layer_2x_resolution/Reconstruction_of_view_(5,5).png
 Graphic file (type png)

<use ../Figures/contrast/5layer_2x_resolution/Reconstruction_of_view_(5,5).png>
Package pdftex.def Info: ../Figures/contrast/5layer_2x_resolution/Reconstructio
n_of_view_(5,5).png used on input line 293.
(pdftex.def)             Requested size: 110.40253pt x 43.68285pt.

<../Figures/contrast/5layer_2x_resolution/MSE_for_view_(5,5).png, id=156, 642.4
pt x 481.8pt>
File: ../Figures/contrast/5layer_2x_resolution/MSE_for_view_(5,5).png Graphic f
ile (type png)

<use ../Figures/contrast/5layer_2x_resolution/MSE_for_view_(5,5).png>
Package pdftex.def Info: ../Figures/contrast/5layer_2x_resolution/MSE_for_view_
(5,5).png used on input line 297.
(pdftex.def)             Requested size: 110.40253pt x 43.68285pt.
 [25 <../Figures/tiling/blending_masks_sum_3x3.png (PNG copy)>]
<../Figures/gui/overview.PNG, id=161, 930.47626pt x 685.8122pt>
File: ../Figures/gui/overview.PNG Graphic file (type png)

<use ../Figures/gui/overview.PNG>
Package pdftex.def Info: ../Figures/gui/overview.PNG used on input line 313.
(pdftex.def)             Requested size: 345.0pt x 254.28024pt.
 [26 <../Figures/tiling/tarot_tiles3x3x200x200_no_overlap_3_layers/1.png (PNG c
opy)> <../Figures/tiling/tarot_tiles5x5x200x200_overlap0.5_3_layers/1.png (PNG 
copy)> <../Figures/tiling/tarot_tiles3x3x200x200_no_overlap_3_layers/2.png (PNG
 copy)> <../Figures/tiling/tarot_tiles5x5x200x200_overlap0.5_3_layers/2.png (PN
G copy)> <../Figures/tiling/tarot_tiles3x3x200x200_no_overlap_3_layers/3.png (P
NG copy)> <../Figures/tiling/tarot_tiles5x5x200x200_overlap0.5_3_layers/3.png (
PNG copy)> <../Figures/tiling/tarot_tiles3x3x200x200_no_overlap_3_layers/blendi
ngMaskSum.png (PNG copy)> <../Figures/tiling/tarot_tiles5x5x200x200_overlap0.5_
3_layers/blendingMaskSum.png (PNG copy)>]
[27] [28 <../Figures/contrast/2layer/Reconstruction_of_view_(5,5).png (PNG copy
)> <../Figures/contrast/2layer/MSE_for_view_(5,5).png (PNG copy)> <../Figures/c
ontrast/5layer/Reconstruction_of_view_(5,5).png (PNG copy)> <../Figures/contras
t/5layer/MSE_for_view_(5,5).png (PNG copy)> <../Figures/contrast/5layer_2x_reso
lution/Reconstruction_of_view_(5,5).png (PNG copy)> <../Figures/contrast/5layer
_2x_resolution/MSE_for_view_(5,5).png (PNG copy)>]) [29 <../Figures/gui/overvie
w.PNG>]
\openout2 = `Chapters/appendix.aux'.

 (./Chapters/appendix.tex
Appendix A.
[30




]

LaTeX Warning: Marginpar on page 31 moved.

<../Figures/placeholder.jpg, id=185, 301.125pt x 401.5pt>
File: ../Figures/placeholder.jpg Graphic file (type jpg)

<use ../Figures/placeholder.jpg>
Package pdftex.def Info: ../Figures/placeholder.jpg used on input line 62.
(pdftex.def)             Requested size: 90.33818pt x 120.45091pt.
File: ../Figures/placeholder.jpg Graphic file (type jpg)
 <use ../Figures/placeholder.jpg>
Package pdftex.def Info: ../Figures/placeholder.jpg used on input line 63.
(pdftex.def)             Requested size: 90.33818pt x 120.45091pt.
File: ../Figures/placeholder.jpg Graphic file (type jpg)

<use ../Figures/placeholder.jpg>
Package pdftex.def Info: ../Figures/placeholder.jpg used on input line 64.
(pdftex.def)             Requested size: 90.33818pt x 120.45091pt.
) [31 <../Figures/placeholder.jpg>]
(./thesis.lot)
\tf@lot=\write7
\openout7 = `thesis.lot'.

 [32



] (./thesis.lof)
\tf@lof=\write8
\openout8 = `thesis.lof'.

 (./thesis.bbl [33

] [34

])
<Erklaerung.pdf, id=199, 597.23125pt x 845.1575pt>
File: Erklaerung.pdf Graphic file (type pdf)
 <use Erklaerung.pdf>
Package pdftex.def Info: Erklaerung.pdf used on input line 124.
(pdftex.def)             Requested size: 597.22978pt x 845.15544pt.
File: Erklaerung.pdf Graphic file (type pdf)

<use Erklaerung.pdf>
Package pdftex.def Info: Erklaerung.pdf used on input line 124.
(pdftex.def)             Requested size: 597.22978pt x 845.15544pt.
 [35]
<Erklaerung.pdf, id=205, page=1, 597.23125pt x 845.1575pt>
File: Erklaerung.pdf Graphic file (type pdf)

<use Erklaerung.pdf, page 1>
Package pdftex.def Info: Erklaerung.pdf, page1 used on input line 124.
(pdftex.def)             Requested size: 597.22978pt x 845.15544pt.
File: Erklaerung.pdf Graphic file (type pdf)
 <use Erklaerung.pdf, page 1>
Package pdftex.def Info: Erklaerung.pdf, page1 used on input line 124.
(pdftex.def)             Requested size: 597.25711pt x 845.19412pt.
File: Erklaerung.pdf Graphic file (type pdf)

<use Erklaerung.pdf, page 1>
Package pdftex.def Info: Erklaerung.pdf, page1 used on input line 124.
(pdftex.def)             Requested size: 597.25711pt x 845.19412pt.
File: Erklaerung.pdf Graphic file (type pdf)
 <use Erklaerung.pdf, page 1>
Package pdftex.def Info: Erklaerung.pdf, page1 used on input line 124.
(pdftex.def)             Requested size: 597.25711pt x 845.19412pt.
File: Erklaerung.pdf Graphic file (type pdf)

<use Erklaerung.pdf, page 1>
Package pdftex.def Info: Erklaerung.pdf, page1 used on input line 124.
(pdftex.def)             Requested size: 597.25711pt x 845.19412pt.
 [36 <./Erklaerung.pdf>] (./thesis.aux
(./Chapters/abstract.aux) (./Chapters/acknowledgements.aux)
(./Chapters/chapter1.aux) (./Chapters/chapter2.aux) (./Chapters/chapter3.aux)
(./Chapters/chapter4.aux) (./Chapters/chapter5.aux) (./Chapters/appendix.aux))

LaTeX Warning: There were undefined references.

 ) 
Here is how much of TeX's memory you used:
 25832 strings out of 494985
 584274 string characters out of 6180357
 851890 words of memory out of 5000000
 28304 multiletter control sequences out of 15000+600000
 12150 words of font info for 47 fonts, out of 8000000 for 9000
 36 hyphenation exceptions out of 8191
 82i,22n,377p,837b,2318s stack positions out of 5000i,500n,10000p,200000b,80000s
</usr/share/texlive/texmf-dist/fonts/type1/public/amsfonts/cm/cmbx10.pfb></us
r/share/texlive/texmf-dist/fonts/type1/public/amsfonts/cm/cmbx12.pfb></usr/shar
e/texlive/texmf-dist/fonts/type1/public/amsfonts/cm/cmex10.pfb></usr/share/texl
ive/texmf-dist/fonts/type1/public/amsfonts/cmextra/cmex7.pfb></usr/share/texliv
e/texmf-dist/fonts/type1/public/amsfonts/cm/cmmi10.pfb></usr/share/texlive/texm
f-dist/fonts/type1/public/amsfonts/cm/cmmi5.pfb></usr/share/texlive/texmf-dist/
fonts/type1/public/amsfonts/cm/cmmi7.pfb></usr/share/texlive/texmf-dist/fonts/t
ype1/public/amsfonts/cm/cmr10.pfb></usr/share/texlive/texmf-dist/fonts/type1/pu
blic/amsfonts/cm/cmr12.pfb></usr/share/texlive/texmf-dist/fonts/type1/public/am
sfonts/cm/cmr5.pfb></usr/share/texlive/texmf-dist/fonts/type1/public/amsfonts/c
m/cmr6.pfb></usr/share/texlive/texmf-dist/fonts/type1/public/amsfonts/cm/cmr7.p
fb></usr/share/texlive/texmf-dist/fonts/type1/public/amsfonts/cm/cmr8.pfb></usr
/share/texlive/texmf-dist/fonts/type1/public/amsfonts/cm/cmr9.pfb></usr/share/t
exlive/texmf-dist/fonts/type1/public/amsfonts/cm/cmsy10.pfb></usr/share/texlive
/texmf-dist/fonts/type1/public/amsfonts/cm/cmsy5.pfb></usr/share/texlive/texmf-
dist/fonts/type1/public/amsfonts/cm/cmsy7.pfb></usr/share/texlive/texmf-dist/fo
nts/type1/public/amsfonts/cm/cmti10.pfb></usr/share/texlive/texmf-dist/fonts/ty
pe1/public/amsfonts/cm/cmtt10.pfb></usr/share/texlive/texmf-dist/fonts/type1/pu
blic/amsfonts/cm/cmtt8.pfb></usr/share/texlive/texmf-dist/fonts/type1/public/am
sfonts/symbols/msbm10.pfb></usr/share/texlive/texmf-dist/fonts/type1/public/ams
fonts/symbols/msbm7.pfb>
Output written on thesis.pdf (41 pages, 16496864 bytes).
PDF statistics:
 298 PDF objects out of 1000 (max. 8388607)
 180 compressed objects within 2 object streams
 0 named destinations out of 1000 (max. 500000)
 234 words of extra memory for PDF output out of 10000 (max. 10000000)

